<?xml version="1.0" encoding="UTF-8"?>
<!-- Generated by org.testng.reporters.JUnitReportReporter -->
<testsuite hostname="DESKTOP-LMJ4ANU" failures="0" tests="1" name="com.herokuapp.theinternet.PositiveTests" time="6.453" errors="0" timestamp="2022-01-08T17:34:46 EET" skipped="0">
  <testcase classname="com.herokuapp.theinternet.PositiveTests" name="loginTest" time="6.453"/>
  <system-out/>
</testsuite> <!-- com.herokuapp.theinternet.PositiveTests -->
